2025-12-05 15:32:35,791 - root - 352 - WARNING - main - ***** STARTING SERVER *****
2025-12-05 15:32:35,795 - root - 353 - WARNING - main - Server /usr/local/lib/python3.12/site-packages/synapse/app/homeserver.py version 1.132.0
2025-12-05 15:32:35,795 - root - 358 - WARNING - main - Copyright (c) 2023 New Vector, Inc
2025-12-05 15:32:35,795 - root - 359 - WARNING - main - Licensed under the AGPL 3.0 license. Website: https://github.com/element-hq/synapse
2025-12-05 15:32:35,796 - root - 362 - INFO - main - Server hostname: matrix.workadventure.localhost
2025-12-05 15:32:35,796 - root - 363 - INFO - main - Public Base URL: http://matrix.workadventure.localhost/
2025-12-05 15:32:35,796 - root - 364 - INFO - main - Instance name: master
2025-12-05 15:32:35,796 - root - 365 - INFO - main - Twisted reactor: EPollReactor
2025-12-05 15:32:35,796 - synapse.app.homeserver - 372 - INFO - main - Setting up server
2025-12-05 15:32:35,797 - synapse.server - 358 - INFO - main - Setting up.
2025-12-05 15:32:35,815 - synapse.storage.databases - 77 - INFO - main - [database config 'master']: Checking database server
2025-12-05 15:32:35,815 - synapse.storage.databases - 80 - INFO - main - [database config 'master']: Preparing for databases ['main', 'state']
2025-12-05 15:32:35,815 - synapse.storage.prepare_database - 135 - INFO - main - ['main', 'state']: Checking existing schema version
2025-12-05 15:32:35,817 - synapse.storage.prepare_database - 139 - INFO - main - ['main', 'state']: Existing schema is 92 (+4 deltas)
2025-12-05 15:32:35,817 - synapse.storage.databases.main - 395 - INFO - main - Checking database for consistency with configuration...
2025-12-05 15:32:35,818 - synapse.storage.prepare_database - 433 - INFO - main - Applying schema deltas for v92
2025-12-05 15:32:35,819 - synapse.storage.prepare_database - 568 - INFO - main - Schema now up to date
2025-12-05 15:32:35,828 - synapse.storage.databases - 95 - INFO - main - [database config 'master']: Starting 'main' database
2025-12-05 15:32:35,836 - synapse.storage.util.id_generators - 98 - INFO - main - Initialising stream generator for push_rules(id): 1
2025-12-05 15:32:35,836 - synapse.storage.util.id_generators - 98 - INFO - main - Initialising stream generator for push_rules_enable(id): 1
2025-12-05 15:32:35,838 - synapse.storage.databases.main.event_push_actions - 1242 - INFO - main - Searching for stream ordering 1 month ago
2025-12-05 15:32:35,838 - synapse.storage.databases.main.event_push_actions - 1246 - INFO - main - Found stream ordering 1 month ago: it's 2
2025-12-05 15:32:35,838 - synapse.storage.databases.main.event_push_actions - 1249 - INFO - main - Searching for stream ordering 1 day ago
2025-12-05 15:32:35,838 - synapse.storage.databases.main.event_push_actions - 1253 - INFO - main - Found stream ordering 1 day ago: it's 9
2025-12-05 15:32:35,840 - synapse.storage.util.id_generators - 98 - INFO - main - Initialising stream generator for access_tokens(id): 8
2025-12-05 15:32:35,840 - synapse.storage.util.id_generators - 98 - INFO - main - Initialising stream generator for refresh_tokens(id): 1
2025-12-05 15:32:35,841 - synapse.storage.util.id_generators - 98 - INFO - main - Initialising stream generator for event_reports(id): 1
2025-12-05 15:32:35,841 - synapse.storage.util.id_generators - 98 - INFO - main - Initialising stream generator for room_reports(id): 1
2025-12-05 15:32:35,846 - synapse.storage.databases - 112 - INFO - main - [database config 'master']: Starting 'state' database
2025-12-05 15:32:35,847 - synapse.storage.databases - 128 - INFO - main - [database config 'master']: prepared
2025-12-05 15:32:35,853 - synapse.server - 361 - INFO - main - Finished setting up.
2025-12-05 15:32:35,864 - synapse.push.pusher - 45 - INFO - main - email enable notifs: False
2025-12-05 15:32:35,865 - synapse.federation.federation_server - 1408 - INFO - main - Registering federation EDU handler for 'm.device_list_update'
2025-12-05 15:32:35,865 - synapse.federation.federation_server - 1428 - INFO - main - Registering federation query handler for 'profile'
2025-12-05 15:32:35,866 - synapse.federation.federation_server - 1408 - INFO - main - Registering federation EDU handler for 'm.presence'
2025-12-05 15:32:35,866 - synapse.federation.federation_server - 1408 - INFO - main - Registering federation EDU handler for 'm.typing'
2025-12-05 15:32:35,867 - synapse.federation.federation_server - 1428 - INFO - main - Registering federation query handler for 'directory'
2025-12-05 15:32:35,867 - synapse.federation.federation_server - 1408 - INFO - main - Registering federation EDU handler for 'm.signing_key_update'
2025-12-05 15:32:35,867 - synapse.federation.federation_server - 1408 - INFO - main - Registering federation EDU handler for 'org.matrix.signing_key_update'
2025-12-05 15:32:35,867 - synapse.federation.federation_server - 1428 - INFO - main - Registering federation query handler for 'client_keys'
2025-12-05 15:32:35,868 - twisted - 279 - INFO - main - Redirected stdout/stderr to logs
2025-12-05 15:32:35,868 - synapse.app.homeserver - 180 - INFO - sentinel - Running
2025-12-05 15:32:35,870 - synapse.app.homeserver - 36 - INFO - sentinel - Set file limit to: 1048576
2025-12-05 15:32:35,871 - synapse.handlers.deactivate_account - 245 - INFO - user_parter_loop-0 - Starting user parter
2025-12-05 15:32:35,938 - synapse.http.client - 442 - INFO - sentinel - Received response to GET http://oidc.workadventure.localhost/.well-known/openid-configuration: 200
2025-12-05 15:32:35,940 - synapse.util.caches.lrucache - 230 - INFO - sentinel - Expiring LRU caches after 1800 seconds
2025-12-05 15:32:35,944 - synapse.federation.federation_server - 1408 - INFO - sentinel - Registering federation EDU handler for 'm.receipt'
2025-12-05 15:32:35,944 - synapse.federation.federation_server - 1408 - INFO - sentinel - Registering federation EDU handler for 'm.direct_to_device'
2025-12-05 15:32:35,950 - synapse.util.httpresourcetree - 56 - INFO - sentinel - Attaching <synapse.rest.health.HealthResource object at 0x754059b2c230> to path b'/health'
2025-12-05 15:32:35,950 - synapse.util.httpresourcetree - 56 - INFO - sentinel - Attaching <synapse.rest.ClientRestResource object at 0x754059b2c2c0> to path b'/_matrix/client'
2025-12-05 15:32:35,950 - synapse.util.httpresourcetree - 56 - INFO - sentinel - Attaching <twisted.web.resource.Resource object at 0x754059b5bda0> to path b'/.well-known'
2025-12-05 15:32:35,950 - synapse.util.httpresourcetree - 56 - INFO - sentinel - Attaching <synapse.http.server.JsonResource object at 0x754059b2c2f0> to path b'/_synapse/admin'
2025-12-05 15:32:35,950 - synapse.util.httpresourcetree - 56 - INFO - sentinel - Attaching <synapse.rest.synapse.client.pick_idp.PickIdpResource object at 0x754059b2f9b0> to path b'/_synapse/client/pick_idp'
2025-12-05 15:32:35,952 - synapse.util.httpresourcetree - 56 - INFO - sentinel - Attaching <twisted.web.resource.Resource object at 0x754059b5b3e0> to path b'/_synapse/client/pick_username'
2025-12-05 15:32:35,952 - synapse.util.httpresourcetree - 56 - INFO - sentinel - Attaching <synapse.rest.synapse.client.new_user_consent.NewUserConsentResource object at 0x754059b2d700> to path b'/_synapse/client/new_user_consent'
2025-12-05 15:32:35,952 - synapse.util.httpresourcetree - 56 - INFO - sentinel - Attaching <synapse.rest.synapse.client.sso_register.SsoRegisterResource object at 0x754059b59430> to path b'/_synapse/client/sso_register'
2025-12-05 15:32:35,952 - synapse.util.httpresourcetree - 56 - INFO - sentinel - Attaching <synapse.rest.synapse.client.unsubscribe.UnsubscribeResource object at 0x754059ba2690> to path b'/_synapse/client/unsubscribe'
2025-12-05 15:32:35,952 - synapse.util.httpresourcetree - 56 - INFO - sentinel - Attaching <synapse.rest.synapse.client.oidc.OIDCResource object at 0x75405a53a4e0> to path b'/_synapse/client/oidc'
2025-12-05 15:32:35,952 - synapse.util.httpresourcetree - 56 - INFO - sentinel - Attaching FilePath('/usr/local/lib/python3.12/site-packages/synapse/static') to path b'/_matrix/static'
2025-12-05 15:32:35,952 - synapse.util.httpresourcetree - 56 - INFO - sentinel - Attaching <synapse.rest.media.media_repository_resource.MediaRepositoryResource object at 0x754059b586e0> to path b'/_matrix/media/r0'
2025-12-05 15:32:35,952 - synapse.util.httpresourcetree - 56 - INFO - sentinel - Attaching <synapse.rest.media.media_repository_resource.MediaRepositoryResource object at 0x754059b586e0> to path b'/_matrix/media/v3'
2025-12-05 15:32:35,952 - synapse.util.httpresourcetree - 56 - INFO - sentinel - Attaching <synapse.rest.media.media_repository_resource.MediaRepositoryResource object at 0x754059b586e0> to path b'/_matrix/media/v1'
2025-12-05 15:32:35,952 - synapse.util.httpresourcetree - 56 - INFO - sentinel - Attaching <synapse.federation.transport.server.TransportLayerServer object at 0x754059ba2d50> to path b'/_matrix/federation'
2025-12-05 15:32:35,954 - synapse.util.httpresourcetree - 56 - INFO - sentinel - Attaching <synapse.rest.key.v2.KeyResource object at 0x754059ba2e40> to path b'/_matrix/key'
2025-12-05 15:32:35,954 - twisted - 279 - INFO - sentinel - SynapseSite starting on 8008
2025-12-05 15:32:35,954 - synapse.app - 56 - WARNING - sentinel - Failed to listen on 0.0.0.0, continuing because listening on [::]
2025-12-05 15:32:35,955 - synapse.app._base - 439 - INFO - sentinel - Synapse now listening on TCP port 8008
2025-12-05 15:32:35,955 - synapse.app.homeserver - 241 - INFO - sentinel - Scheduling stats reporting for 3 hour intervals
2025-12-05 15:32:36,001 - synapse.storage.background_updates - 410 - INFO - background_updates-0 - Starting background schema updates for database master
2025-12-05 15:32:36,002 - synapse.handlers.deactivate_account - 255 - INFO - user_parter_loop-0 - User parter finished: stopping
2025-12-05 15:32:36,004 - synapse.push.pusherpool - 372 - INFO - start_pushers-0 - Started pushers
2025-12-05 15:32:36,007 - synapse.storage.background_updates - 428 - INFO - background_updates-0 - No more background updates to do. Unscheduling background update task.
2025-12-05 15:32:45,106 - synapse.access.http.8008 - 508 - INFO - GET-1 - ::1 - 8008 - {None} Processed request: 0.000sec/0.000sec (0.000sec, 0.000sec) (0.000sec/0.000sec/0) 140B 200 "GET /_synapse/admin/v1/register HTTP/1.1" "python-requests/2.32.2" [0 dbevts]
2025-12-05 15:32:45,302 - synapse.http.server - 130 - INFO - POST-2 - <XForwardedForRequest at 0x754059b18ec0 method='POST' uri='/_synapse/admin/v1/register' clientproto='HTTP/1.1' site='8008'> SynapseError: 400 - User ID already taken.
2025-12-05 15:32:45,302 - synapse.access.http.8008 - 508 - INFO - POST-2 - ::1 - 8008 - {None} Processed request: 0.194sec/0.000sec (0.191sec, 0.000sec) (0.000sec/0.001sec/1) 60B 400 "POST /_synapse/admin/v1/register HTTP/1.1" "python-requests/2.32.2" [0 dbevts]
2025-12-05 15:33:05,842 - synapse.storage.databases.main.event_push_actions - 1396 - INFO - rotate_notifs-0 - Rotating notifications
2025-12-05 15:33:05,843 - synapse.storage.databases.main.event_push_actions - 1599 - INFO - rotate_notifs-0 - Rotating notifications up to: 8
2025-12-05 15:33:05,844 - synapse.storage.databases.main.event_push_actions - 1685 - INFO - rotate_notifs-0 - Rotating notifications, handling 0 rows
2025-12-05 15:33:05,846 - synapse.storage.databases.main.event_push_actions - 1770 - INFO - rotate_notifs-0 - Rotating notifications, deleted 0 push actions
2025-12-05 15:33:05,941 - synapse.util.caches.lrucache - 217 - INFO - LruCache._expire_old_entries-0 - Dropped 0 items from caches
2025-12-05 15:33:35,860 - synapse.storage.databases.main.event_push_actions - 1396 - INFO - rotate_notifs-1 - Rotating notifications
2025-12-05 15:33:35,867 - synapse.storage.databases.main.event_push_actions - 1599 - INFO - rotate_notifs-1 - Rotating notifications up to: 8
2025-12-05 15:33:35,870 - synapse.storage.databases.main.event_push_actions - 1685 - INFO - rotate_notifs-1 - Rotating notifications, handling 0 rows
2025-12-05 15:33:35,899 - synapse.storage.databases.main.event_push_actions - 1770 - INFO - rotate_notifs-1 - Rotating notifications, deleted 0 push actions
2025-12-05 15:33:35,941 - synapse.util.caches.lrucache - 217 - INFO - LruCache._expire_old_entries-1 - Dropped 0 items from caches
2025-12-05 15:34:05,842 - synapse.storage.databases.main.event_push_actions - 1396 - INFO - rotate_notifs-2 - Rotating notifications
2025-12-05 15:34:05,844 - synapse.storage.databases.main.event_push_actions - 1599 - INFO - rotate_notifs-2 - Rotating notifications up to: 8
2025-12-05 15:34:05,845 - synapse.storage.databases.main.event_push_actions - 1685 - INFO - rotate_notifs-2 - Rotating notifications, handling 0 rows
2025-12-05 15:34:05,848 - synapse.storage.databases.main.event_push_actions - 1770 - INFO - rotate_notifs-2 - Rotating notifications, deleted 0 push actions
2025-12-05 15:34:05,941 - synapse.util.caches.lrucache - 217 - INFO - LruCache._expire_old_entries-2 - Dropped 0 items from caches
2025-12-05 15:34:35,842 - synapse.storage.databases.main.event_push_actions - 1396 - INFO - rotate_notifs-3 - Rotating notifications
2025-12-05 15:34:35,843 - synapse.storage.databases.main.event_push_actions - 1599 - INFO - rotate_notifs-3 - Rotating notifications up to: 8
2025-12-05 15:34:35,844 - synapse.storage.databases.main.event_push_actions - 1685 - INFO - rotate_notifs-3 - Rotating notifications, handling 0 rows
2025-12-05 15:34:35,846 - synapse.storage.databases.main.event_push_actions - 1770 - INFO - rotate_notifs-3 - Rotating notifications, deleted 0 push actions
2025-12-05 15:34:35,941 - synapse.util.caches.lrucache - 217 - INFO - LruCache._expire_old_entries-3 - Dropped 0 items from caches
2025-12-05 15:35:05,841 - synapse.storage.databases.main.event_push_actions - 1396 - INFO - rotate_notifs-4 - Rotating notifications
2025-12-05 15:35:05,842 - synapse.storage.databases.main.event_push_actions - 1599 - INFO - rotate_notifs-4 - Rotating notifications up to: 8
2025-12-05 15:35:05,843 - synapse.storage.databases.main.event_push_actions - 1685 - INFO - rotate_notifs-4 - Rotating notifications, handling 0 rows
2025-12-05 15:35:05,846 - synapse.storage.databases.main.event_push_actions - 1770 - INFO - rotate_notifs-4 - Rotating notifications, deleted 0 push actions
2025-12-05 15:35:05,941 - synapse.util.caches.lrucache - 217 - INFO - LruCache._expire_old_entries-4 - Dropped 0 items from caches
2025-12-05 15:35:35,841 - synapse.storage.databases.main.event_push_actions - 1396 - INFO - rotate_notifs-5 - Rotating notifications
2025-12-05 15:35:35,842 - synapse.storage.databases.main.event_push_actions - 1599 - INFO - rotate_notifs-5 - Rotating notifications up to: 8
2025-12-05 15:35:35,843 - synapse.storage.databases.main.event_push_actions - 1685 - INFO - rotate_notifs-5 - Rotating notifications, handling 0 rows
2025-12-05 15:35:35,845 - synapse.storage.databases.main.event_push_actions - 1770 - INFO - rotate_notifs-5 - Rotating notifications, deleted 0 push actions
2025-12-05 15:35:35,940 - synapse.util.caches.lrucache - 217 - INFO - LruCache._expire_old_entries-5 - Dropped 0 items from caches
2025-12-05 15:35:51,322 - synapse.rest.client.login - 340 - INFO - POST-15 - Got login request with identifier: None, medium: None, address: None, user: 'admin'
2025-12-05 15:35:51,323 - synapse.rest.client.login - 340 - INFO - POST-16 - Got login request with identifier: None, medium: None, address: None, user: 'admin'
2025-12-05 15:35:51,540 - synapse.handlers.auth - 1004 - INFO - POST-15 - Logging in user @admin:matrix.workadventure.localhost on device EMIJAJHDWD
2025-12-05 15:35:51,544 - synapse.handlers.auth - 1004 - INFO - POST-16 - Logging in user @admin:matrix.workadventure.localhost on device AWHIIFTYVG
2025-12-05 15:35:51,558 - synapse.access.http.8008 - 508 - INFO - POST-15 - ::ffff:172.18.0.10 - 8008 - {None} Processed request: 0.236sec/0.000sec (0.182sec, 0.001sec) (0.021sec/0.029sec/11) 264B 200 "POST /_matrix/client/r0/login HTTP/1.1" "axios/1.13.1" [0 dbevts]
2025-12-05 15:35:51,559 - synapse.access.http.8008 - 508 - INFO - POST-16 - ::ffff:172.18.0.10 - 8008 - {None} Processed request: 0.236sec/0.000sec (0.184sec, 0.002sec) (0.028sec/0.019sec/8) 264B 200 "POST /_matrix/client/r0/login HTTP/1.1" "axios/1.13.1" [0 dbevts]
2025-12-05 15:35:51,572 - synapse.access.http.8008 - 508 - INFO - GET-18 - ::ffff:172.18.0.10 - 8008 - {None} Processed request: 0.009sec/0.000sec (0.000sec, 0.001sec) (0.005sec/0.003sec/2) 109B 200 "GET /_matrix/client/r0/directory/room/%23current-visited-room:matrix.workadventure.localhost HTTP/1.1" "axios/1.13.1" [0 dbevts]
2025-12-05 15:35:51,576 - synapse.access.http.8008 - 508 - INFO - POST-17 - ::ffff:172.18.0.10 - 8008 - {@admin:matrix.workadventure.localhost} Processed request: 0.014sec/0.000sec (0.000sec, 0.001sec) (0.005sec/0.007sec/7) 41B 200 "POST /_synapse/admin/v1/users/@admin:matrix.workadventure.localhost/override_ratelimit HTTP/1.1" "axios/1.13.1" [0 dbevts]
2025-12-05 15:36:05,841 - synapse.storage.databases.main.event_push_actions - 1396 - INFO - rotate_notifs-6 - Rotating notifications
2025-12-05 15:36:05,842 - synapse.storage.databases.main.event_push_actions - 1599 - INFO - rotate_notifs-6 - Rotating notifications up to: 8
2025-12-05 15:36:05,842 - synapse.storage.databases.main.event_push_actions - 1685 - INFO - rotate_notifs-6 - Rotating notifications, handling 0 rows
2025-12-05 15:36:05,845 - synapse.storage.databases.main.event_push_actions - 1770 - INFO - rotate_notifs-6 - Rotating notifications, deleted 0 push actions
2025-12-05 15:36:05,941 - synapse.util.caches.lrucache - 217 - INFO - LruCache._expire_old_entries-6 - Dropped 0 items from caches
2025-12-05 15:36:35,841 - synapse.storage.databases.main.event_push_actions - 1396 - INFO - rotate_notifs-7 - Rotating notifications
2025-12-05 15:36:35,841 - synapse.storage.databases.main.event_push_actions - 1599 - INFO - rotate_notifs-7 - Rotating notifications up to: 8
2025-12-05 15:36:35,842 - synapse.storage.databases.main.event_push_actions - 1685 - INFO - rotate_notifs-7 - Rotating notifications, handling 0 rows
2025-12-05 15:36:35,843 - synapse.storage.databases.main.event_push_actions - 1770 - INFO - rotate_notifs-7 - Rotating notifications, deleted 0 push actions
2025-12-05 15:36:35,941 - synapse.util.caches.lrucache - 217 - INFO - LruCache._expire_old_entries-7 - Dropped 0 items from caches
2025-12-05 15:37:05,841 - synapse.storage.databases.main.event_push_actions - 1396 - INFO - rotate_notifs-8 - Rotating notifications
2025-12-05 15:37:05,841 - synapse.storage.databases.main.event_push_actions - 1599 - INFO - rotate_notifs-8 - Rotating notifications up to: 8
2025-12-05 15:37:05,842 - synapse.storage.databases.main.event_push_actions - 1685 - INFO - rotate_notifs-8 - Rotating notifications, handling 0 rows
2025-12-05 15:37:05,843 - synapse.storage.databases.main.event_push_actions - 1770 - INFO - rotate_notifs-8 - Rotating notifications, deleted 0 push actions
2025-12-05 15:37:05,941 - synapse.util.caches.lrucache - 217 - INFO - LruCache._expire_old_entries-8 - Dropped 0 items from caches
2025-12-05 15:37:35,840 - synapse.storage.databases.main.event_push_actions - 1396 - INFO - rotate_notifs-9 - Rotating notifications
2025-12-05 15:37:35,841 - synapse.storage.databases.main.event_push_actions - 1599 - INFO - rotate_notifs-9 - Rotating notifications up to: 8
2025-12-05 15:37:35,841 - synapse.storage.databases.main.event_push_actions - 1685 - INFO - rotate_notifs-9 - Rotating notifications, handling 0 rows
2025-12-05 15:37:35,843 - synapse.storage.databases.main.event_push_actions - 1770 - INFO - rotate_notifs-9 - Rotating notifications, deleted 0 push actions
2025-12-05 15:37:35,941 - synapse.util.caches.lrucache - 217 - INFO - LruCache._expire_old_entries-9 - Dropped 0 items from caches
2025-12-05 15:37:35,956 - synapse.app.homeserver - 87 - INFO - phone_stats_home-0 - Gathering stats for reporting
2025-12-05 15:37:35,956 - synapse.storage.databases.main.metrics - 399 - INFO - generate_user_daily_visits-0 - Calling _generate_user_daily_visits
2025-12-05 15:37:35,969 - synapse.app.homeserver - 175 - INFO - phone_stats_home-0 - Reporting stats to https://matrix.org/report-usage-stats/push: {'memory_rss': 161920, 'cpu_average': 0, 'homeserver': 'matrix.workadventure.localhost', 'server_context': None, 'timestamp': 1764949055, 'uptime_seconds': 300, 'python_version': '3.12.11', 'total_users': 1, 'total_nonbridged_users': 1, 'daily_user_type_native': 0, 'daily_user_type_guest': 0, 'daily_user_type_bridged': 0, 'total_room_count': 1, 'daily_active_users': 1, 'monthly_active_users': 1, 'daily_active_e2ee_rooms': 0, 'daily_e2ee_messages': 0, 'daily_sent_e2ee_messages': 0, 'daily_active_rooms': 0, 'daily_messages': 0, 'daily_sent_messages': 0, 'r30v2_users_ios': 0, 'r30v2_users_android': 0, 'r30v2_users_web': 0, 'r30v2_users_electron': 0, 'r30v2_users_all': 0, 'cache_factor': 0.5, 'event_cache_size': 10240, 'database_engine': 'sqlite3', 'database_server_version': '3.40.1', 'log_level': 'INFO'}
2025-12-05 15:37:36,560 - synapse.http.client - 442 - INFO - phone_stats_home-0 - Received response to PUT https://matrix.org/report-usage-stats/push: 200
2025-12-05 15:38:05,841 - synapse.storage.databases.main.event_push_actions - 1396 - INFO - rotate_notifs-10 - Rotating notifications
2025-12-05 15:38:05,842 - synapse.storage.databases.main.event_push_actions - 1599 - INFO - rotate_notifs-10 - Rotating notifications up to: 8
2025-12-05 15:38:05,842 - synapse.storage.databases.main.event_push_actions - 1685 - INFO - rotate_notifs-10 - Rotating notifications, handling 0 rows
2025-12-05 15:38:05,844 - synapse.storage.databases.main.event_push_actions - 1770 - INFO - rotate_notifs-10 - Rotating notifications, deleted 0 push actions
2025-12-05 15:38:05,941 - synapse.util.caches.lrucache - 217 - INFO - LruCache._expire_old_entries-10 - Dropped 0 items from caches
2025-12-05 15:38:35,841 - synapse.storage.databases.main.event_push_actions - 1396 - INFO - rotate_notifs-11 - Rotating notifications
2025-12-05 15:38:35,841 - synapse.storage.databases.main.event_push_actions - 1599 - INFO - rotate_notifs-11 - Rotating notifications up to: 8
2025-12-05 15:38:35,842 - synapse.storage.databases.main.event_push_actions - 1685 - INFO - rotate_notifs-11 - Rotating notifications, handling 0 rows
2025-12-05 15:38:35,843 - synapse.storage.databases.main.event_push_actions - 1770 - INFO - rotate_notifs-11 - Rotating notifications, deleted 0 push actions
2025-12-05 15:38:35,941 - synapse.util.caches.lrucache - 217 - INFO - LruCache._expire_old_entries-11 - Dropped 0 items from caches
2025-12-05 15:39:05,841 - synapse.storage.databases.main.event_push_actions - 1396 - INFO - rotate_notifs-12 - Rotating notifications
2025-12-05 15:39:05,842 - synapse.storage.databases.main.event_push_actions - 1599 - INFO - rotate_notifs-12 - Rotating notifications up to: 8
2025-12-05 15:39:05,842 - synapse.storage.databases.main.event_push_actions - 1685 - INFO - rotate_notifs-12 - Rotating notifications, handling 0 rows
2025-12-05 15:39:05,844 - synapse.storage.databases.main.event_push_actions - 1770 - INFO - rotate_notifs-12 - Rotating notifications, deleted 0 push actions
2025-12-05 15:39:05,941 - synapse.util.caches.lrucache - 217 - INFO - LruCache._expire_old_entries-12 - Dropped 0 items from caches
2025-12-05 15:39:35,841 - synapse.storage.databases.main.event_push_actions - 1396 - INFO - rotate_notifs-13 - Rotating notifications
2025-12-05 15:39:35,841 - synapse.storage.databases.main.event_push_actions - 1599 - INFO - rotate_notifs-13 - Rotating notifications up to: 8
2025-12-05 15:39:35,842 - synapse.storage.databases.main.event_push_actions - 1685 - INFO - rotate_notifs-13 - Rotating notifications, handling 0 rows
2025-12-05 15:39:35,843 - synapse.storage.databases.main.event_push_actions - 1770 - INFO - rotate_notifs-13 - Rotating notifications, deleted 0 push actions
2025-12-05 15:39:35,941 - synapse.util.caches.lrucache - 217 - INFO - LruCache._expire_old_entries-13 - Dropped 0 items from caches
2025-12-05 15:40:05,841 - synapse.storage.databases.main.event_push_actions - 1396 - INFO - rotate_notifs-14 - Rotating notifications
2025-12-05 15:40:05,841 - synapse.storage.databases.main.event_push_actions - 1599 - INFO - rotate_notifs-14 - Rotating notifications up to: 8
2025-12-05 15:40:05,842 - synapse.storage.databases.main.event_push_actions - 1685 - INFO - rotate_notifs-14 - Rotating notifications, handling 0 rows
2025-12-05 15:40:05,843 - synapse.storage.databases.main.event_push_actions - 1770 - INFO - rotate_notifs-14 - Rotating notifications, deleted 0 push actions
2025-12-05 15:40:05,941 - synapse.util.caches.lrucache - 217 - INFO - LruCache._expire_old_entries-14 - Dropped 0 items from caches
2025-12-05 15:40:35,841 - synapse.storage.databases.main.event_push_actions - 1396 - INFO - rotate_notifs-15 - Rotating notifications
2025-12-05 15:40:35,842 - synapse.storage.databases.main.event_push_actions - 1599 - INFO - rotate_notifs-15 - Rotating notifications up to: 8
2025-12-05 15:40:35,842 - synapse.storage.databases.main.event_push_actions - 1685 - INFO - rotate_notifs-15 - Rotating notifications, handling 0 rows
2025-12-05 15:40:35,844 - synapse.storage.databases.main.event_push_actions - 1770 - INFO - rotate_notifs-15 - Rotating notifications, deleted 0 push actions
2025-12-05 15:40:35,941 - synapse.util.caches.lrucache - 217 - INFO - LruCache._expire_old_entries-15 - Dropped 0 items from caches
2025-12-05 15:41:05,841 - synapse.storage.databases.main.event_push_actions - 1396 - INFO - rotate_notifs-16 - Rotating notifications
2025-12-05 15:41:05,841 - synapse.storage.databases.main.event_push_actions - 1599 - INFO - rotate_notifs-16 - Rotating notifications up to: 8
2025-12-05 15:41:05,842 - synapse.storage.databases.main.event_push_actions - 1685 - INFO - rotate_notifs-16 - Rotating notifications, handling 0 rows
2025-12-05 15:41:05,843 - synapse.storage.databases.main.event_push_actions - 1770 - INFO - rotate_notifs-16 - Rotating notifications, deleted 0 push actions
2025-12-05 15:41:05,941 - synapse.util.caches.lrucache - 217 - INFO - LruCache._expire_old_entries-16 - Dropped 0 items from caches
2025-12-05 15:41:35,840 - synapse.storage.databases.main.event_push_actions - 1396 - INFO - rotate_notifs-17 - Rotating notifications
2025-12-05 15:41:35,841 - synapse.storage.databases.main.event_push_actions - 1599 - INFO - rotate_notifs-17 - Rotating notifications up to: 8
2025-12-05 15:41:35,841 - synapse.storage.databases.main.event_push_actions - 1685 - INFO - rotate_notifs-17 - Rotating notifications, handling 0 rows
2025-12-05 15:41:35,843 - synapse.storage.databases.main.event_push_actions - 1770 - INFO - rotate_notifs-17 - Rotating notifications, deleted 0 push actions
2025-12-05 15:41:35,941 - synapse.util.caches.lrucache - 217 - INFO - LruCache._expire_old_entries-17 - Dropped 0 items from caches
2025-12-05 15:42:05,841 - synapse.storage.databases.main.event_push_actions - 1396 - INFO - rotate_notifs-18 - Rotating notifications
2025-12-05 15:42:05,841 - synapse.storage.databases.main.event_push_actions - 1599 - INFO - rotate_notifs-18 - Rotating notifications up to: 8
2025-12-05 15:42:05,842 - synapse.storage.databases.main.event_push_actions - 1685 - INFO - rotate_notifs-18 - Rotating notifications, handling 0 rows
2025-12-05 15:42:05,843 - synapse.storage.databases.main.event_push_actions - 1770 - INFO - rotate_notifs-18 - Rotating notifications, deleted 0 push actions
2025-12-05 15:42:05,941 - synapse.util.caches.lrucache - 217 - INFO - LruCache._expire_old_entries-18 - Dropped 0 items from caches
2025-12-05 15:42:35,840 - synapse.storage.databases.main.event_push_actions - 1242 - INFO - event_push_action_stream_orderings-0 - Searching for stream ordering 1 month ago
2025-12-05 15:42:35,841 - synapse.storage.databases.main.event_push_actions - 1246 - INFO - event_push_action_stream_orderings-0 - Found stream ordering 1 month ago: it's 2
2025-12-05 15:42:35,841 - synapse.storage.databases.main.event_push_actions - 1249 - INFO - event_push_action_stream_orderings-0 - Searching for stream ordering 1 day ago
2025-12-05 15:42:35,842 - synapse.storage.databases.main.event_push_actions - 1253 - INFO - event_push_action_stream_orderings-0 - Found stream ordering 1 day ago: it's 9
2025-12-05 15:42:35,843 - synapse.storage.databases.main.event_push_actions - 1396 - INFO - rotate_notifs-19 - Rotating notifications
2025-12-05 15:42:35,843 - synapse.storage.databases.main.event_push_actions - 1599 - INFO - rotate_notifs-19 - Rotating notifications up to: 8
2025-12-05 15:42:35,844 - synapse.storage.databases.main.event_push_actions - 1685 - INFO - rotate_notifs-19 - Rotating notifications, handling 0 rows
2025-12-05 15:42:35,846 - synapse.storage.databases.main.event_push_actions - 1770 - INFO - rotate_notifs-19 - Rotating notifications, deleted 0 push actions
2025-12-05 15:42:35,941 - synapse.util.caches.lrucache - 217 - INFO - LruCache._expire_old_entries-19 - Dropped 0 items from caches
2025-12-05 15:42:35,956 - synapse.storage.databases.main.metrics - 399 - INFO - generate_user_daily_visits-1 - Calling _generate_user_daily_visits
2025-12-05 15:43:05,840 - synapse.storage.databases.main.event_push_actions - 1396 - INFO - rotate_notifs-20 - Rotating notifications
2025-12-05 15:43:05,841 - synapse.storage.databases.main.event_push_actions - 1599 - INFO - rotate_notifs-20 - Rotating notifications up to: 8
2025-12-05 15:43:05,841 - synapse.storage.databases.main.event_push_actions - 1685 - INFO - rotate_notifs-20 - Rotating notifications, handling 0 rows
2025-12-05 15:43:05,843 - synapse.storage.databases.main.event_push_actions - 1770 - INFO - rotate_notifs-20 - Rotating notifications, deleted 0 push actions
2025-12-05 15:43:05,941 - synapse.util.caches.lrucache - 217 - INFO - LruCache._expire_old_entries-20 - Dropped 0 items from caches
2025-12-05 15:43:35,840 - synapse.storage.databases.main.event_push_actions - 1396 - INFO - rotate_notifs-21 - Rotating notifications
2025-12-05 15:43:35,841 - synapse.storage.databases.main.event_push_actions - 1599 - INFO - rotate_notifs-21 - Rotating notifications up to: 8
2025-12-05 15:43:35,841 - synapse.storage.databases.main.event_push_actions - 1685 - INFO - rotate_notifs-21 - Rotating notifications, handling 0 rows
2025-12-05 15:43:35,843 - synapse.storage.databases.main.event_push_actions - 1770 - INFO - rotate_notifs-21 - Rotating notifications, deleted 0 push actions
2025-12-05 15:43:35,941 - synapse.util.caches.lrucache - 217 - INFO - LruCache._expire_old_entries-21 - Dropped 0 items from caches
2025-12-05 15:44:05,841 - synapse.storage.databases.main.event_push_actions - 1396 - INFO - rotate_notifs-22 - Rotating notifications
2025-12-05 15:44:05,841 - synapse.storage.databases.main.event_push_actions - 1599 - INFO - rotate_notifs-22 - Rotating notifications up to: 8
2025-12-05 15:44:05,842 - synapse.storage.databases.main.event_push_actions - 1685 - INFO - rotate_notifs-22 - Rotating notifications, handling 0 rows
2025-12-05 15:44:05,843 - synapse.storage.databases.main.event_push_actions - 1770 - INFO - rotate_notifs-22 - Rotating notifications, deleted 0 push actions
2025-12-05 15:44:05,941 - synapse.util.caches.lrucache - 217 - INFO - LruCache._expire_old_entries-22 - Dropped 0 items from caches
2025-12-05 15:44:35,841 - synapse.storage.databases.main.event_push_actions - 1396 - INFO - rotate_notifs-23 - Rotating notifications
2025-12-05 15:44:35,841 - synapse.storage.databases.main.event_push_actions - 1599 - INFO - rotate_notifs-23 - Rotating notifications up to: 8
2025-12-05 15:44:35,842 - synapse.storage.databases.main.event_push_actions - 1685 - INFO - rotate_notifs-23 - Rotating notifications, handling 0 rows
2025-12-05 15:44:35,843 - synapse.storage.databases.main.event_push_actions - 1770 - INFO - rotate_notifs-23 - Rotating notifications, deleted 0 push actions
2025-12-05 15:44:35,941 - synapse.util.caches.lrucache - 217 - INFO - LruCache._expire_old_entries-23 - Dropped 0 items from caches
2025-12-05 15:45:05,841 - synapse.storage.databases.main.event_push_actions - 1396 - INFO - rotate_notifs-24 - Rotating notifications
2025-12-05 15:45:05,842 - synapse.storage.databases.main.event_push_actions - 1599 - INFO - rotate_notifs-24 - Rotating notifications up to: 8
2025-12-05 15:45:05,842 - synapse.storage.databases.main.event_push_actions - 1685 - INFO - rotate_notifs-24 - Rotating notifications, handling 0 rows
2025-12-05 15:45:05,844 - synapse.storage.databases.main.event_push_actions - 1770 - INFO - rotate_notifs-24 - Rotating notifications, deleted 0 push actions
2025-12-05 15:45:05,941 - synapse.util.caches.lrucache - 217 - INFO - LruCache._expire_old_entries-24 - Dropped 0 items from caches
2025-12-05 15:45:35,841 - synapse.storage.databases.main.event_push_actions - 1396 - INFO - rotate_notifs-25 - Rotating notifications
2025-12-05 15:45:35,841 - synapse.storage.databases.main.event_push_actions - 1599 - INFO - rotate_notifs-25 - Rotating notifications up to: 8
2025-12-05 15:45:35,842 - synapse.storage.databases.main.event_push_actions - 1685 - INFO - rotate_notifs-25 - Rotating notifications, handling 0 rows
2025-12-05 15:45:35,843 - synapse.storage.databases.main.event_push_actions - 1770 - INFO - rotate_notifs-25 - Rotating notifications, deleted 0 push actions
2025-12-05 15:45:35,940 - synapse.util.caches.lrucache - 217 - INFO - LruCache._expire_old_entries-25 - Dropped 0 items from caches
2025-12-05 15:46:05,841 - synapse.storage.databases.main.event_push_actions - 1396 - INFO - rotate_notifs-26 - Rotating notifications
2025-12-05 15:46:05,841 - synapse.storage.databases.main.event_push_actions - 1599 - INFO - rotate_notifs-26 - Rotating notifications up to: 8
2025-12-05 15:46:05,842 - synapse.storage.databases.main.event_push_actions - 1685 - INFO - rotate_notifs-26 - Rotating notifications, handling 0 rows
2025-12-05 15:46:05,844 - synapse.storage.databases.main.event_push_actions - 1770 - INFO - rotate_notifs-26 - Rotating notifications, deleted 0 push actions
2025-12-05 15:46:05,941 - synapse.util.caches.lrucache - 217 - INFO - LruCache._expire_old_entries-26 - Dropped 0 items from caches
2025-12-05 15:46:35,840 - synapse.storage.databases.main.event_push_actions - 1396 - INFO - rotate_notifs-27 - Rotating notifications
2025-12-05 15:46:35,841 - synapse.storage.databases.main.event_push_actions - 1599 - INFO - rotate_notifs-27 - Rotating notifications up to: 8
2025-12-05 15:46:35,842 - synapse.storage.databases.main.event_push_actions - 1685 - INFO - rotate_notifs-27 - Rotating notifications, handling 0 rows
2025-12-05 15:46:35,843 - synapse.storage.databases.main.event_push_actions - 1770 - INFO - rotate_notifs-27 - Rotating notifications, deleted 0 push actions
2025-12-05 15:46:35,941 - synapse.util.caches.lrucache - 217 - INFO - LruCache._expire_old_entries-27 - Dropped 0 items from caches
2025-12-05 15:47:05,841 - synapse.storage.databases.main.event_push_actions - 1396 - INFO - rotate_notifs-28 - Rotating notifications
2025-12-05 15:47:05,842 - synapse.storage.databases.main.event_push_actions - 1599 - INFO - rotate_notifs-28 - Rotating notifications up to: 8
2025-12-05 15:47:05,842 - synapse.storage.databases.main.event_push_actions - 1685 - INFO - rotate_notifs-28 - Rotating notifications, handling 0 rows
2025-12-05 15:47:05,844 - synapse.storage.databases.main.event_push_actions - 1770 - INFO - rotate_notifs-28 - Rotating notifications, deleted 0 push actions
2025-12-05 15:47:05,941 - synapse.util.caches.lrucache - 217 - INFO - LruCache._expire_old_entries-28 - Dropped 0 items from caches
2025-12-05 15:47:35,840 - synapse.storage.databases.main.event_push_actions - 1396 - INFO - rotate_notifs-29 - Rotating notifications
2025-12-05 15:47:35,841 - synapse.storage.databases.main.event_push_actions - 1599 - INFO - rotate_notifs-29 - Rotating notifications up to: 8
2025-12-05 15:47:35,841 - synapse.storage.databases.main.event_push_actions - 1685 - INFO - rotate_notifs-29 - Rotating notifications, handling 0 rows
2025-12-05 15:47:35,843 - synapse.storage.databases.main.event_push_actions - 1770 - INFO - rotate_notifs-29 - Rotating notifications, deleted 0 push actions
2025-12-05 15:47:35,941 - synapse.util.caches.lrucache - 217 - INFO - LruCache._expire_old_entries-29 - Dropped 0 items from caches
2025-12-05 15:47:35,956 - synapse.storage.databases.main.metrics - 399 - INFO - generate_user_daily_visits-2 - Calling _generate_user_daily_visits
2025-12-05 15:48:05,840 - synapse.storage.databases.main.event_push_actions - 1396 - INFO - rotate_notifs-30 - Rotating notifications
2025-12-05 15:48:05,841 - synapse.storage.databases.main.event_push_actions - 1599 - INFO - rotate_notifs-30 - Rotating notifications up to: 8
2025-12-05 15:48:05,841 - synapse.storage.databases.main.event_push_actions - 1685 - INFO - rotate_notifs-30 - Rotating notifications, handling 0 rows
2025-12-05 15:48:05,843 - synapse.storage.databases.main.event_push_actions - 1770 - INFO - rotate_notifs-30 - Rotating notifications, deleted 0 push actions
2025-12-05 15:48:05,941 - synapse.util.caches.lrucache - 217 - INFO - LruCache._expire_old_entries-30 - Dropped 0 items from caches
2025-12-05 15:48:30,971 - synapse.metrics._gc - 127 - INFO - sentinel - Collecting gc 1
2025-12-05 15:48:35,840 - synapse.storage.databases.main.event_push_actions - 1396 - INFO - rotate_notifs-31 - Rotating notifications
2025-12-05 15:48:35,841 - synapse.storage.databases.main.event_push_actions - 1599 - INFO - rotate_notifs-31 - Rotating notifications up to: 8
2025-12-05 15:48:35,841 - synapse.storage.databases.main.event_push_actions - 1685 - INFO - rotate_notifs-31 - Rotating notifications, handling 0 rows
2025-12-05 15:48:35,843 - synapse.storage.databases.main.event_push_actions - 1770 - INFO - rotate_notifs-31 - Rotating notifications, deleted 0 push actions
2025-12-05 15:48:35,941 - synapse.util.caches.lrucache - 217 - INFO - LruCache._expire_old_entries-31 - Dropped 0 items from caches
2025-12-05 15:49:05,841 - synapse.storage.databases.main.event_push_actions - 1396 - INFO - rotate_notifs-32 - Rotating notifications
2025-12-05 15:49:05,842 - synapse.storage.databases.main.event_push_actions - 1599 - INFO - rotate_notifs-32 - Rotating notifications up to: 8
2025-12-05 15:49:05,842 - synapse.storage.databases.main.event_push_actions - 1685 - INFO - rotate_notifs-32 - Rotating notifications, handling 0 rows
2025-12-05 15:49:05,844 - synapse.storage.databases.main.event_push_actions - 1770 - INFO - rotate_notifs-32 - Rotating notifications, deleted 0 push actions
2025-12-05 15:49:05,941 - synapse.util.caches.lrucache - 217 - INFO - LruCache._expire_old_entries-32 - Dropped 0 items from caches
2025-12-05 15:49:35,842 - synapse.storage.databases.main.event_push_actions - 1396 - INFO - rotate_notifs-33 - Rotating notifications
2025-12-05 15:49:35,842 - synapse.storage.databases.main.event_push_actions - 1599 - INFO - rotate_notifs-33 - Rotating notifications up to: 8
2025-12-05 15:49:35,843 - synapse.storage.databases.main.event_push_actions - 1685 - INFO - rotate_notifs-33 - Rotating notifications, handling 0 rows
2025-12-05 15:49:35,844 - synapse.storage.databases.main.event_push_actions - 1770 - INFO - rotate_notifs-33 - Rotating notifications, deleted 0 push actions
2025-12-05 15:49:35,941 - synapse.util.caches.lrucache - 217 - INFO - LruCache._expire_old_entries-33 - Dropped 0 items from caches
2025-12-05 15:50:05,840 - synapse.storage.databases.main.event_push_actions - 1396 - INFO - rotate_notifs-34 - Rotating notifications
2025-12-05 15:50:05,841 - synapse.storage.databases.main.event_push_actions - 1599 - INFO - rotate_notifs-34 - Rotating notifications up to: 8
2025-12-05 15:50:05,841 - synapse.storage.databases.main.event_push_actions - 1685 - INFO - rotate_notifs-34 - Rotating notifications, handling 0 rows
2025-12-05 15:50:05,843 - synapse.storage.databases.main.event_push_actions - 1770 - INFO - rotate_notifs-34 - Rotating notifications, deleted 0 push actions
2025-12-05 15:50:05,941 - synapse.util.caches.lrucache - 217 - INFO - LruCache._expire_old_entries-34 - Dropped 0 items from caches
2025-12-05 15:50:26,404 - twisted - 279 - INFO - sentinel - Received SIGTERM, shutting down.
2025-12-05 15:50:26,404 - synapse.storage.databases.main.lock - 113 - INFO - LockStore._on_shutdown-0 - Dropping held locks due to shutdown
2025-12-05 15:50:26,404 - synapse.storage.databases.main.lock - 124 - INFO - LockStore._on_shutdown-0 - Dropped locks due to shutdown
2025-12-05 15:50:26,405 - synapse.handlers.presence - 891 - INFO - presence.on_shutdown-0 - Performing _on_shutdown. Persisting 0 unpersisted changes
2025-12-05 15:50:26,405 - synapse.handlers.presence - 903 - INFO - presence.on_shutdown-0 - Finished _on_shutdown
2025-12-05 15:50:26,405 - synapse.app._base - 509 - INFO - sentinel - Shutting down...
2025-12-05 15:50:26,405 - twisted - 279 - INFO - sentinel - (TCP Port 8008 Closed)
2025-12-05 15:50:26,429 - twisted - 279 - INFO - sentinel - Main loop terminated.
